2021-09-02 14:22:32.249  INFO 1112 --- [restartedMain] com.nnk.springboot.Application           : Starting Application using Java 11.0.11 on DESKTOP-2K67CMT with PID 1112 (D:\DevInformatique\_OpenClasseRoom_DeveloppeurApllicationJava\P7_aulombard_geoffrey\Poseidon\target\classes started by Hodor-Fixe in D:\DevInformatique\_OpenClasseRoom_DeveloppeurApllicationJava\P7_aulombard_geoffrey\Poseidon)
2021-09-02 14:22:32.273  INFO 1112 --- [restartedMain] com.nnk.springboot.Application           : No active profile set, falling back to default profiles: default
2021-09-02 14:22:32.693  INFO 1112 --- [restartedMain] .e.DevToolsPropertyDefaultsPostProcessor : Devtools property defaults active! Set 'spring.devtools.add-properties' to 'false' to disable
2021-09-02 14:22:32.696  INFO 1112 --- [restartedMain] .e.DevToolsPropertyDefaultsPostProcessor : For additional web related logging consider setting the 'logging.level.web' property to 'DEBUG'
2021-09-02 14:22:38.532  INFO 1112 --- [restartedMain] .s.d.r.c.RepositoryConfigurationDelegate : Bootstrapping Spring Data JPA repositories in DEFAULT mode.
2021-09-02 14:22:38.742  INFO 1112 --- [restartedMain] .s.d.r.c.RepositoryConfigurationDelegate : Finished Spring Data repository scanning in 162 ms. Found 6 JPA repository interfaces.
2021-09-02 14:22:39.931  INFO 1112 --- [restartedMain] trationDelegate$BeanPostProcessorChecker : Bean 'org.springframework.security.access.expression.method.DefaultMethodSecurityExpressionHandler@3b773004' of type [org.springframework.security.access.expression.method.DefaultMethodSecurityExpressionHandler] is not eligible for getting processed by all BeanPostProcessors (for example: not eligible for auto-proxying)
2021-09-02 14:22:39.936  INFO 1112 --- [restartedMain] trationDelegate$BeanPostProcessorChecker : Bean 'methodSecurityMetadataSource' of type [org.springframework.security.access.method.DelegatingMethodSecurityMetadataSource] is not eligible for getting processed by all BeanPostProcessors (for example: not eligible for auto-proxying)
2021-09-02 14:22:41.130  INFO 1112 --- [restartedMain] o.s.b.w.embedded.tomcat.TomcatWebServer  : Tomcat initialized with port(s): 80 (http)
2021-09-02 14:22:41.161  INFO 1112 --- [restartedMain] o.apache.catalina.core.StandardService   : Starting service [Tomcat]
2021-09-02 14:22:41.162  INFO 1112 --- [restartedMain] org.apache.catalina.core.StandardEngine  : Starting Servlet engine: [Apache Tomcat/9.0.45]
2021-09-02 14:22:41.414  INFO 1112 --- [restartedMain] o.a.c.c.C.[Tomcat].[localhost].[/]       : Initializing Spring embedded WebApplicationContext
2021-09-02 14:22:41.414  INFO 1112 --- [restartedMain] w.s.c.ServletWebServerApplicationContext : Root WebApplicationContext: initialization completed in 8716 ms
2021-09-02 14:22:41.804  INFO 1112 --- [restartedMain] com.zaxxer.hikari.HikariDataSource       : HikariPool-1 - Starting...
2021-09-02 14:22:42.828  INFO 1112 --- [restartedMain] com.zaxxer.hikari.HikariDataSource       : HikariPool-1 - Start completed.
2021-09-02 14:22:42.838  INFO 1112 --- [restartedMain] o.s.b.a.h2.H2ConsoleAutoConfiguration    : H2 console available at '/h2-console'. Database available at 'jdbc:mysql://localhost:3306/poseidon_demo?serverTimezone=UTC'
2021-09-02 14:22:43.556  INFO 1112 --- [restartedMain] o.hibernate.jpa.internal.util.LogHelper  : HHH000204: Processing PersistenceUnitInfo [name: default]
2021-09-02 14:22:43.840  INFO 1112 --- [restartedMain] org.hibernate.Version                    : HHH000412: Hibernate ORM core version 5.4.30.Final
2021-09-02 14:22:44.391  INFO 1112 --- [restartedMain] o.hibernate.annotations.common.Version   : HCANN000001: Hibernate Commons Annotations {5.1.2.Final}
2021-09-02 14:22:44.832  INFO 1112 --- [restartedMain] org.hibernate.dialect.Dialect            : HHH000400: Using dialect: org.hibernate.dialect.MySQL5Dialect
2021-09-02 14:22:47.361  INFO 1112 --- [restartedMain] o.h.e.t.j.p.i.JtaPlatformInitiator       : HHH000490: Using JtaPlatform implementation: [org.hibernate.engine.transaction.jta.platform.internal.NoJtaPlatform]
2021-09-02 14:22:47.400  INFO 1112 --- [restartedMain] j.LocalContainerEntityManagerFactoryBean : Initialized JPA EntityManagerFactory for persistence unit 'default'
2021-09-02 14:22:47.601  INFO 1112 --- [restartedMain] o.s.b.d.a.OptionalLiveReloadServer       : LiveReload server is running on port 35729
2021-09-02 14:22:47.764  WARN 1112 --- [restartedMain] JpaBaseConfiguration$JpaWebConfiguration : spring.jpa.open-in-view is enabled by default. Therefore, database queries may be performed during view rendering. Explicitly configure spring.jpa.open-in-view to disable this warning
2021-09-02 14:22:49.567  INFO 1112 --- [restartedMain] o.s.s.web.DefaultSecurityFilterChain     : Will secure any request with [org.springframework.security.web.context.request.async.WebAsyncManagerIntegrationFilter@7f8dc9c9, org.springframework.security.web.context.SecurityContextPersistenceFilter@11455cce, org.springframework.security.web.header.HeaderWriterFilter@115e0f1a, org.springframework.security.web.authentication.logout.LogoutFilter@bbf4058, org.springframework.security.web.authentication.UsernamePasswordAuthenticationFilter@516d8b58, org.springframework.security.web.authentication.ui.DefaultLoginPageGeneratingFilter@edfdf8e, org.springframework.security.web.authentication.ui.DefaultLogoutPageGeneratingFilter@7fb5f5d7, org.springframework.security.web.authentication.www.BasicAuthenticationFilter@66db22b7, org.springframework.security.web.savedrequest.RequestCacheAwareFilter@340679ba, org.springframework.security.web.servletapi.SecurityContextHolderAwareRequestFilter@6f73fb9e, org.springframework.security.web.authentication.AnonymousAuthenticationFilter@7bbb139, org.springframework.security.web.session.SessionManagementFilter@67c160c5, org.springframework.security.web.access.ExceptionTranslationFilter@7ce66fd9, org.springframework.security.web.access.intercept.FilterSecurityInterceptor@3b6947c1]
2021-09-02 14:22:49.974  INFO 1112 --- [restartedMain] o.s.s.concurrent.ThreadPoolTaskExecutor  : Initializing ExecutorService 'applicationTaskExecutor'
2021-09-02 14:22:51.101  INFO 1112 --- [restartedMain] o.s.b.a.e.web.EndpointLinksResolver      : Exposing 5 endpoint(s) beneath base path '/actuator'
2021-09-02 14:22:51.300  INFO 1112 --- [restartedMain] o.s.b.w.embedded.tomcat.TomcatWebServer  : Tomcat started on port(s): 80 (http) with context path ''
2021-09-02 14:22:51.331  INFO 1112 --- [restartedMain] com.nnk.springboot.Application           : Started Application in 20.315 seconds (JVM running for 23.201)
2021-09-02 14:22:51.758  INFO 1112 --- [RMI TCP Connection(2)-192.168.1.17] o.a.c.c.C.[Tomcat].[localhost].[/]       : Initializing Spring DispatcherServlet 'dispatcherServlet'
2021-09-02 14:22:51.760  INFO 1112 --- [RMI TCP Connection(2)-192.168.1.17] o.s.web.servlet.DispatcherServlet        : Initializing Servlet 'dispatcherServlet'
2021-09-02 14:22:51.762  INFO 1112 --- [RMI TCP Connection(2)-192.168.1.17] o.s.web.servlet.DispatcherServlet        : Completed initialization in 2 ms
2021-09-02 14:22:54.860  INFO 1112 --- [http-nio-80-exec-1] c.n.s.controllers.HomeController         : HTTP request received at / 
2021-09-02 14:23:01.822  INFO 1112 --- [http-nio-80-exec-9] c.n.s.services.MyUserDetailsService      : Process to authentication
2021-09-02 14:23:11.624  INFO 1112 --- [http-nio-80-exec-2] c.n.s.controllers.RuleNameController     : HTTP request received at /ruleName/list
2021-09-02 14:23:11.633  INFO 1112 --- [http-nio-80-exec-2] c.n.springboot.services.RuleNameService  : Process to find all rule name
2021-09-02 14:23:18.117  INFO 1112 --- [http-nio-80-exec-4] c.n.s.controllers.RuleNameController     : HTTP GET request received at /ruleName/add
2021-09-02 14:23:42.170  INFO 1112 --- [http-nio-80-exec-6] c.n.s.controllers.RuleNameController     : HTTP POST request received at /ruleName/validate
2021-09-02 14:23:42.171  INFO 1112 --- [http-nio-80-exec-6] c.n.springboot.services.RuleNameService  : Process to save new rule name
2021-09-02 14:23:42.344  INFO 1112 --- [http-nio-80-exec-7] c.n.s.controllers.RuleNameController     : HTTP request received at /ruleName/list
2021-09-02 14:23:42.345  INFO 1112 --- [http-nio-80-exec-7] c.n.springboot.services.RuleNameService  : Process to find all rule name
2021-09-02 14:28:11.344  INFO 1112 --- [SpringContextShutdownHook] o.s.s.concurrent.ThreadPoolTaskExecutor  : Shutting down ExecutorService 'applicationTaskExecutor'
2021-09-02 14:28:11.348  INFO 1112 --- [SpringContextShutdownHook] j.LocalContainerEntityManagerFactoryBean : Closing JPA EntityManagerFactory for persistence unit 'default'
2021-09-02 14:28:11.465  INFO 1112 --- [SpringContextShutdownHook] com.zaxxer.hikari.HikariDataSource       : HikariPool-1 - Shutdown initiated...
2021-09-02 14:28:11.499  INFO 1112 --- [SpringContextShutdownHook] com.zaxxer.hikari.HikariDataSource       : HikariPool-1 - Shutdown completed.
2021-09-02 14:28:23.146  INFO 3904 --- [restartedMain] com.nnk.springboot.Application           : Starting Application using Java 11.0.11 on DESKTOP-2K67CMT with PID 3904 (D:\DevInformatique\_OpenClasseRoom_DeveloppeurApllicationJava\P7_aulombard_geoffrey\Poseidon\target\classes started by Hodor-Fixe in D:\DevInformatique\_OpenClasseRoom_DeveloppeurApllicationJava\P7_aulombard_geoffrey\Poseidon)
2021-09-02 14:28:23.165  INFO 3904 --- [restartedMain] com.nnk.springboot.Application           : No active profile set, falling back to default profiles: default
2021-09-02 14:28:23.249  INFO 3904 --- [restartedMain] .e.DevToolsPropertyDefaultsPostProcessor : Devtools property defaults active! Set 'spring.devtools.add-properties' to 'false' to disable
2021-09-02 14:28:23.252  INFO 3904 --- [restartedMain] .e.DevToolsPropertyDefaultsPostProcessor : For additional web related logging consider setting the 'logging.level.web' property to 'DEBUG'
2021-09-02 14:28:25.530  INFO 3904 --- [restartedMain] .s.d.r.c.RepositoryConfigurationDelegate : Bootstrapping Spring Data JPA repositories in DEFAULT mode.
2021-09-02 14:28:25.639  INFO 3904 --- [restartedMain] .s.d.r.c.RepositoryConfigurationDelegate : Finished Spring Data repository scanning in 98 ms. Found 6 JPA repository interfaces.
2021-09-02 14:28:26.160  INFO 3904 --- [restartedMain] trationDelegate$BeanPostProcessorChecker : Bean 'org.springframework.security.access.expression.method.DefaultMethodSecurityExpressionHandler@4fc03e5e' of type [org.springframework.security.access.expression.method.DefaultMethodSecurityExpressionHandler] is not eligible for getting processed by all BeanPostProcessors (for example: not eligible for auto-proxying)
2021-09-02 14:28:26.175  INFO 3904 --- [restartedMain] trationDelegate$BeanPostProcessorChecker : Bean 'methodSecurityMetadataSource' of type [org.springframework.security.access.method.DelegatingMethodSecurityMetadataSource] is not eligible for getting processed by all BeanPostProcessors (for example: not eligible for auto-proxying)
2021-09-02 14:28:26.612  INFO 3904 --- [restartedMain] o.s.b.w.embedded.tomcat.TomcatWebServer  : Tomcat initialized with port(s): 80 (http)
2021-09-02 14:28:26.629  INFO 3904 --- [restartedMain] o.apache.catalina.core.StandardService   : Starting service [Tomcat]
2021-09-02 14:28:26.630  INFO 3904 --- [restartedMain] org.apache.catalina.core.StandardEngine  : Starting Servlet engine: [Apache Tomcat/9.0.45]
2021-09-02 14:28:26.802  INFO 3904 --- [restartedMain] o.a.c.c.C.[Tomcat].[localhost].[/]       : Initializing Spring embedded WebApplicationContext
2021-09-02 14:28:26.802  INFO 3904 --- [restartedMain] w.s.c.ServletWebServerApplicationContext : Root WebApplicationContext: initialization completed in 3549 ms
2021-09-02 14:28:27.017  INFO 3904 --- [restartedMain] com.zaxxer.hikari.HikariDataSource       : HikariPool-1 - Starting...
2021-09-02 14:28:27.424  INFO 3904 --- [restartedMain] com.zaxxer.hikari.HikariDataSource       : HikariPool-1 - Start completed.
2021-09-02 14:28:27.433  INFO 3904 --- [restartedMain] o.s.b.a.h2.H2ConsoleAutoConfiguration    : H2 console available at '/h2-console'. Database available at 'jdbc:mysql://localhost:3306/poseidon_demo?serverTimezone=UTC'
2021-09-02 14:28:27.722  INFO 3904 --- [restartedMain] o.hibernate.jpa.internal.util.LogHelper  : HHH000204: Processing PersistenceUnitInfo [name: default]
2021-09-02 14:28:27.801  INFO 3904 --- [restartedMain] org.hibernate.Version                    : HHH000412: Hibernate ORM core version 5.4.30.Final
2021-09-02 14:28:27.959  INFO 3904 --- [restartedMain] o.hibernate.annotations.common.Version   : HCANN000001: Hibernate Commons Annotations {5.1.2.Final}
2021-09-02 14:28:28.110  INFO 3904 --- [restartedMain] org.hibernate.dialect.Dialect            : HHH000400: Using dialect: org.hibernate.dialect.MySQL5Dialect
2021-09-02 14:28:29.121  INFO 3904 --- [restartedMain] o.h.e.t.j.p.i.JtaPlatformInitiator       : HHH000490: Using JtaPlatform implementation: [org.hibernate.engine.transaction.jta.platform.internal.NoJtaPlatform]
2021-09-02 14:28:29.135  INFO 3904 --- [restartedMain] j.LocalContainerEntityManagerFactoryBean : Initialized JPA EntityManagerFactory for persistence unit 'default'
2021-09-02 14:28:29.300  INFO 3904 --- [restartedMain] o.s.b.d.a.OptionalLiveReloadServer       : LiveReload server is running on port 35729
2021-09-02 14:28:29.414  WARN 3904 --- [restartedMain] JpaBaseConfiguration$JpaWebConfiguration : spring.jpa.open-in-view is enabled by default. Therefore, database queries may be performed during view rendering. Explicitly configure spring.jpa.open-in-view to disable this warning
2021-09-02 14:28:30.465  INFO 3904 --- [restartedMain] o.s.s.web.DefaultSecurityFilterChain     : Will secure any request with [org.springframework.security.web.context.request.async.WebAsyncManagerIntegrationFilter@2b7a99fe, org.springframework.security.web.context.SecurityContextPersistenceFilter@2daa6e00, org.springframework.security.web.header.HeaderWriterFilter@605a678, org.springframework.security.web.authentication.logout.LogoutFilter@43de4b14, org.springframework.security.web.authentication.UsernamePasswordAuthenticationFilter@4da068d3, org.springframework.security.web.authentication.ui.DefaultLoginPageGeneratingFilter@16067dff, org.springframework.security.web.authentication.ui.DefaultLogoutPageGeneratingFilter@75077815, org.springframework.security.web.authentication.www.BasicAuthenticationFilter@234e6157, org.springframework.security.web.savedrequest.RequestCacheAwareFilter@400606a0, org.springframework.security.web.servletapi.SecurityContextHolderAwareRequestFilter@339dc15, org.springframework.security.web.authentication.AnonymousAuthenticationFilter@7be7dc6, org.springframework.security.web.session.SessionManagementFilter@68024a7f, org.springframework.security.web.access.ExceptionTranslationFilter@433a7408, org.springframework.security.web.access.intercept.FilterSecurityInterceptor@7991350c]
2021-09-02 14:28:30.669  INFO 3904 --- [restartedMain] o.s.s.concurrent.ThreadPoolTaskExecutor  : Initializing ExecutorService 'applicationTaskExecutor'
2021-09-02 14:28:31.306  INFO 3904 --- [restartedMain] o.s.b.a.e.web.EndpointLinksResolver      : Exposing 5 endpoint(s) beneath base path '/actuator'
2021-09-02 14:28:31.416  INFO 3904 --- [restartedMain] o.s.b.w.embedded.tomcat.TomcatWebServer  : Tomcat started on port(s): 80 (http) with context path ''
2021-09-02 14:28:31.436  INFO 3904 --- [restartedMain] com.nnk.springboot.Application           : Started Application in 9.355 seconds (JVM running for 11.869)
2021-09-02 14:28:31.684  INFO 3904 --- [RMI TCP Connection(1)-192.168.1.17] o.a.c.c.C.[Tomcat].[localhost].[/]       : Initializing Spring DispatcherServlet 'dispatcherServlet'
2021-09-02 14:28:31.685  INFO 3904 --- [RMI TCP Connection(1)-192.168.1.17] o.s.web.servlet.DispatcherServlet        : Initializing Servlet 'dispatcherServlet'
2021-09-02 14:28:31.687  INFO 3904 --- [RMI TCP Connection(1)-192.168.1.17] o.s.web.servlet.DispatcherServlet        : Completed initialization in 1 ms
2021-09-02 14:28:33.105  INFO 3904 --- [http-nio-80-exec-1] c.n.s.controllers.RuleNameController     : HTTP request received at /ruleName/list
2021-09-02 14:28:33.106  INFO 3904 --- [http-nio-80-exec-1] c.n.springboot.services.RuleNameService  : Process to find all rule name
2021-09-02 14:28:36.070  INFO 3904 --- [http-nio-80-exec-3] c.n.s.controllers.RuleNameController     : HTTP GET request received at /ruleName/add
2021-09-02 14:28:44.956  INFO 3904 --- [http-nio-80-exec-5] c.n.s.controllers.RuleNameController     : HTTP POST request received at /ruleName/validate
2021-09-02 14:28:44.957  INFO 3904 --- [http-nio-80-exec-5] c.n.springboot.services.RuleNameService  : Process to save new rule name
2021-09-02 14:28:45.071  INFO 3904 --- [http-nio-80-exec-6] c.n.s.controllers.RuleNameController     : HTTP request received at /ruleName/list
2021-09-02 14:28:45.073  INFO 3904 --- [http-nio-80-exec-6] c.n.springboot.services.RuleNameService  : Process to find all rule name
2021-09-02 14:28:56.085  INFO 3904 --- [http-nio-80-exec-8] c.n.s.controllers.RuleNameController     : HTTP GET request received at /ruleName/add
2021-09-02 14:28:57.451  INFO 3904 --- [http-nio-80-exec-10] c.n.s.controllers.RuleNameController     : HTTP POST request received at /ruleName/validate
2021-09-02 14:29:05.633  INFO 3904 --- [http-nio-80-exec-2] c.n.s.controllers.RuleNameController     : HTTP POST request received at /ruleName/validate
2021-09-02 14:29:05.634  INFO 3904 --- [http-nio-80-exec-2] c.n.springboot.services.RuleNameService  : Process to save new rule name
2021-09-02 14:29:05.672  INFO 3904 --- [http-nio-80-exec-3] c.n.s.controllers.RuleNameController     : HTTP request received at /ruleName/list
2021-09-02 14:29:05.672  INFO 3904 --- [http-nio-80-exec-3] c.n.springboot.services.RuleNameService  : Process to find all rule name
2021-09-02 14:30:55.972  INFO 3904 --- [SpringContextShutdownHook] o.s.s.concurrent.ThreadPoolTaskExecutor  : Shutting down ExecutorService 'applicationTaskExecutor'
2021-09-02 14:30:55.986  INFO 3904 --- [SpringContextShutdownHook] j.LocalContainerEntityManagerFactoryBean : Closing JPA EntityManagerFactory for persistence unit 'default'
2021-09-02 14:30:55.992  INFO 3904 --- [SpringContextShutdownHook] com.zaxxer.hikari.HikariDataSource       : HikariPool-1 - Shutdown initiated...
2021-09-02 14:30:56.008  INFO 3904 --- [SpringContextShutdownHook] com.zaxxer.hikari.HikariDataSource       : HikariPool-1 - Shutdown completed.
2021-09-02 14:31:06.314  INFO 13960 --- [restartedMain] com.nnk.springboot.Application           : Starting Application using Java 11.0.11 on DESKTOP-2K67CMT with PID 13960 (D:\DevInformatique\_OpenClasseRoom_DeveloppeurApllicationJava\P7_aulombard_geoffrey\Poseidon\target\classes started by Hodor-Fixe in D:\DevInformatique\_OpenClasseRoom_DeveloppeurApllicationJava\P7_aulombard_geoffrey\Poseidon)
2021-09-02 14:31:06.344  INFO 13960 --- [restartedMain] com.nnk.springboot.Application           : No active profile set, falling back to default profiles: default
2021-09-02 14:31:06.424  INFO 13960 --- [restartedMain] .e.DevToolsPropertyDefaultsPostProcessor : Devtools property defaults active! Set 'spring.devtools.add-properties' to 'false' to disable
2021-09-02 14:31:06.425  INFO 13960 --- [restartedMain] .e.DevToolsPropertyDefaultsPostProcessor : For additional web related logging consider setting the 'logging.level.web' property to 'DEBUG'
2021-09-02 14:31:08.376  INFO 13960 --- [restartedMain] .s.d.r.c.RepositoryConfigurationDelegate : Bootstrapping Spring Data JPA repositories in DEFAULT mode.
2021-09-02 14:31:08.491  INFO 13960 --- [restartedMain] .s.d.r.c.RepositoryConfigurationDelegate : Finished Spring Data repository scanning in 104 ms. Found 6 JPA repository interfaces.
2021-09-02 14:31:09.156  INFO 13960 --- [restartedMain] trationDelegate$BeanPostProcessorChecker : Bean 'org.springframework.security.access.expression.method.DefaultMethodSecurityExpressionHandler@6a14d390' of type [org.springframework.security.access.expression.method.DefaultMethodSecurityExpressionHandler] is not eligible for getting processed by all BeanPostProcessors (for example: not eligible for auto-proxying)
2021-09-02 14:31:09.163  INFO 13960 --- [restartedMain] trationDelegate$BeanPostProcessorChecker : Bean 'methodSecurityMetadataSource' of type [org.springframework.security.access.method.DelegatingMethodSecurityMetadataSource] is not eligible for getting processed by all BeanPostProcessors (for example: not eligible for auto-proxying)
2021-09-02 14:31:09.690  INFO 13960 --- [restartedMain] o.s.b.w.embedded.tomcat.TomcatWebServer  : Tomcat initialized with port(s): 80 (http)
2021-09-02 14:31:09.708  INFO 13960 --- [restartedMain] o.apache.catalina.core.StandardService   : Starting service [Tomcat]
2021-09-02 14:31:09.710  INFO 13960 --- [restartedMain] org.apache.catalina.core.StandardEngine  : Starting Servlet engine: [Apache Tomcat/9.0.45]
2021-09-02 14:31:09.874  INFO 13960 --- [restartedMain] o.a.c.c.C.[Tomcat].[localhost].[/]       : Initializing Spring embedded WebApplicationContext
2021-09-02 14:31:09.876  INFO 13960 --- [restartedMain] w.s.c.ServletWebServerApplicationContext : Root WebApplicationContext: initialization completed in 3449 ms
2021-09-02 14:31:10.115  INFO 13960 --- [restartedMain] com.zaxxer.hikari.HikariDataSource       : HikariPool-1 - Starting...
2021-09-02 14:31:10.667  INFO 13960 --- [restartedMain] com.zaxxer.hikari.HikariDataSource       : HikariPool-1 - Start completed.
2021-09-02 14:31:10.674  INFO 13960 --- [restartedMain] o.s.b.a.h2.H2ConsoleAutoConfiguration    : H2 console available at '/h2-console'. Database available at 'jdbc:mysql://localhost:3306/poseidon_demo?serverTimezone=UTC'
2021-09-02 14:31:11.039  INFO 13960 --- [restartedMain] o.hibernate.jpa.internal.util.LogHelper  : HHH000204: Processing PersistenceUnitInfo [name: default]
2021-09-02 14:31:11.123  INFO 13960 --- [restartedMain] org.hibernate.Version                    : HHH000412: Hibernate ORM core version 5.4.30.Final
2021-09-02 14:31:11.330  INFO 13960 --- [restartedMain] o.hibernate.annotations.common.Version   : HCANN000001: Hibernate Commons Annotations {5.1.2.Final}
2021-09-02 14:31:11.493  INFO 13960 --- [restartedMain] org.hibernate.dialect.Dialect            : HHH000400: Using dialect: org.hibernate.dialect.MySQL5Dialect
2021-09-02 14:31:12.562  INFO 13960 --- [restartedMain] o.h.e.t.j.p.i.JtaPlatformInitiator       : HHH000490: Using JtaPlatform implementation: [org.hibernate.engine.transaction.jta.platform.internal.NoJtaPlatform]
2021-09-02 14:31:12.586  INFO 13960 --- [restartedMain] j.LocalContainerEntityManagerFactoryBean : Initialized JPA EntityManagerFactory for persistence unit 'default'
2021-09-02 14:31:12.658  INFO 13960 --- [restartedMain] o.s.b.d.a.OptionalLiveReloadServer       : LiveReload server is running on port 35729
2021-09-02 14:31:12.771  WARN 13960 --- [restartedMain] JpaBaseConfiguration$JpaWebConfiguration : spring.jpa.open-in-view is enabled by default. Therefore, database queries may be performed during view rendering. Explicitly configure spring.jpa.open-in-view to disable this warning
2021-09-02 14:31:13.718  INFO 13960 --- [restartedMain] o.s.s.web.DefaultSecurityFilterChain     : Will secure any request with [org.springframework.security.web.context.request.async.WebAsyncManagerIntegrationFilter@5216228f, org.springframework.security.web.context.SecurityContextPersistenceFilter@b1629cd, org.springframework.security.web.header.HeaderWriterFilter@58888c9c, org.springframework.security.web.authentication.logout.LogoutFilter@6b58f60e, org.springframework.security.web.authentication.UsernamePasswordAuthenticationFilter@42bf5a70, org.springframework.security.web.authentication.ui.DefaultLoginPageGeneratingFilter@6c044aac, org.springframework.security.web.authentication.ui.DefaultLogoutPageGeneratingFilter@7a036f8e, org.springframework.security.web.authentication.www.BasicAuthenticationFilter@30e251d5, org.springframework.security.web.savedrequest.RequestCacheAwareFilter@5a264696, org.springframework.security.web.servletapi.SecurityContextHolderAwareRequestFilter@6d4f3519, org.springframework.security.web.authentication.AnonymousAuthenticationFilter@84725a4, org.springframework.security.web.session.SessionManagementFilter@6a668289, org.springframework.security.web.access.ExceptionTranslationFilter@938e19, org.springframework.security.web.access.intercept.FilterSecurityInterceptor@35b08726]
2021-09-02 14:31:13.970  INFO 13960 --- [restartedMain] o.s.s.concurrent.ThreadPoolTaskExecutor  : Initializing ExecutorService 'applicationTaskExecutor'
2021-09-02 14:31:14.782  INFO 13960 --- [restartedMain] o.s.b.a.e.web.EndpointLinksResolver      : Exposing 5 endpoint(s) beneath base path '/actuator'
2021-09-02 14:31:14.889  INFO 13960 --- [restartedMain] o.s.b.w.embedded.tomcat.TomcatWebServer  : Tomcat started on port(s): 80 (http) with context path ''
2021-09-02 14:31:14.907  INFO 13960 --- [restartedMain] com.nnk.springboot.Application           : Started Application in 9.152 seconds (JVM running for 11.293)
2021-09-02 14:31:15.506  INFO 13960 --- [RMI TCP Connection(2)-192.168.1.17] o.a.c.c.C.[Tomcat].[localhost].[/]       : Initializing Spring DispatcherServlet 'dispatcherServlet'
2021-09-02 14:31:15.515  INFO 13960 --- [RMI TCP Connection(2)-192.168.1.17] o.s.web.servlet.DispatcherServlet        : Initializing Servlet 'dispatcherServlet'
2021-09-02 14:31:15.520  INFO 13960 --- [RMI TCP Connection(2)-192.168.1.17] o.s.web.servlet.DispatcherServlet        : Completed initialization in 3 ms
2021-09-02 14:31:18.706  INFO 13960 --- [http-nio-80-exec-1] c.n.s.controllers.RuleNameController     : HTTP GET request received at /ruleName/update/{id}
2021-09-02 14:31:18.715  INFO 13960 --- [http-nio-80-exec-1] c.n.springboot.services.RuleNameService  : Process to find rule name by id
2021-09-02 14:31:24.315  INFO 13960 --- [http-nio-80-exec-4] c.n.s.controllers.RuleNameController     : HTTP POST request received at /ruleName/update/{id}
2021-09-02 14:31:24.324  INFO 13960 --- [http-nio-80-exec-4] c.n.springboot.services.RuleNameService  : Process to save new rule name
2021-09-02 14:31:24.458  INFO 13960 --- [http-nio-80-exec-5] c.n.s.controllers.RuleNameController     : HTTP request received at /ruleName/list
2021-09-02 14:31:24.459  INFO 13960 --- [http-nio-80-exec-5] c.n.springboot.services.RuleNameService  : Process to find all rule name
2021-09-02 14:31:27.065  INFO 13960 --- [http-nio-80-exec-6] c.n.s.controllers.RuleNameController     : HTTP GET request received at /ruleName/delete/{id}
2021-09-02 14:31:27.066  INFO 13960 --- [http-nio-80-exec-6] c.n.springboot.services.RuleNameService  : Process to delete rule name by id
2021-09-02 14:31:27.124  INFO 13960 --- [http-nio-80-exec-7] c.n.s.controllers.RuleNameController     : HTTP request received at /ruleName/list
2021-09-02 14:31:27.125  INFO 13960 --- [http-nio-80-exec-7] c.n.springboot.services.RuleNameService  : Process to find all rule name
2021-09-02 14:54:05.466  INFO 13960 --- [SpringContextShutdownHook] o.s.s.concurrent.ThreadPoolTaskExecutor  : Shutting down ExecutorService 'applicationTaskExecutor'
2021-09-02 14:54:05.470  INFO 13960 --- [SpringContextShutdownHook] j.LocalContainerEntityManagerFactoryBean : Closing JPA EntityManagerFactory for persistence unit 'default'
2021-09-02 14:54:05.478  INFO 13960 --- [SpringContextShutdownHook] com.zaxxer.hikari.HikariDataSource       : HikariPool-1 - Shutdown initiated...
2021-09-02 14:54:05.495  INFO 13960 --- [SpringContextShutdownHook] com.zaxxer.hikari.HikariDataSource       : HikariPool-1 - Shutdown completed.
2021-09-02 14:54:20.850  INFO 7260 --- [restartedMain] com.nnk.springboot.Application           : Starting Application using Java 11.0.11 on DESKTOP-2K67CMT with PID 7260 (D:\DevInformatique\_OpenClasseRoom_DeveloppeurApllicationJava\P7_aulombard_geoffrey\Poseidon\target\classes started by Hodor-Fixe in D:\DevInformatique\_OpenClasseRoom_DeveloppeurApllicationJava\P7_aulombard_geoffrey\Poseidon)
2021-09-02 14:54:20.890  INFO 7260 --- [restartedMain] com.nnk.springboot.Application           : No active profile set, falling back to default profiles: default
2021-09-02 14:54:20.938  INFO 7260 --- [restartedMain] .e.DevToolsPropertyDefaultsPostProcessor : Devtools property defaults active! Set 'spring.devtools.add-properties' to 'false' to disable
2021-09-02 14:54:20.939  INFO 7260 --- [restartedMain] .e.DevToolsPropertyDefaultsPostProcessor : For additional web related logging consider setting the 'logging.level.web' property to 'DEBUG'
2021-09-02 14:54:22.393  INFO 7260 --- [restartedMain] .s.d.r.c.RepositoryConfigurationDelegate : Bootstrapping Spring Data JPA repositories in DEFAULT mode.
2021-09-02 14:54:22.508  INFO 7260 --- [restartedMain] .s.d.r.c.RepositoryConfigurationDelegate : Finished Spring Data repository scanning in 103 ms. Found 6 JPA repository interfaces.
2021-09-02 14:54:23.083  INFO 7260 --- [restartedMain] trationDelegate$BeanPostProcessorChecker : Bean 'org.springframework.security.access.expression.method.DefaultMethodSecurityExpressionHandler@783b8f37' of type [org.springframework.security.access.expression.method.DefaultMethodSecurityExpressionHandler] is not eligible for getting processed by all BeanPostProcessors (for example: not eligible for auto-proxying)
2021-09-02 14:54:23.097  INFO 7260 --- [restartedMain] trationDelegate$BeanPostProcessorChecker : Bean 'methodSecurityMetadataSource' of type [org.springframework.security.access.method.DelegatingMethodSecurityMetadataSource] is not eligible for getting processed by all BeanPostProcessors (for example: not eligible for auto-proxying)
2021-09-02 14:54:23.590  INFO 7260 --- [restartedMain] o.s.b.w.embedded.tomcat.TomcatWebServer  : Tomcat initialized with port(s): 80 (http)
2021-09-02 14:54:23.604  INFO 7260 --- [restartedMain] o.apache.catalina.core.StandardService   : Starting service [Tomcat]
2021-09-02 14:54:23.606  INFO 7260 --- [restartedMain] org.apache.catalina.core.StandardEngine  : Starting Servlet engine: [Apache Tomcat/9.0.45]
2021-09-02 14:54:23.773  INFO 7260 --- [restartedMain] o.a.c.c.C.[Tomcat].[localhost].[/]       : Initializing Spring embedded WebApplicationContext
2021-09-02 14:54:23.774  INFO 7260 --- [restartedMain] w.s.c.ServletWebServerApplicationContext : Root WebApplicationContext: initialization completed in 2834 ms
2021-09-02 14:54:23.967  INFO 7260 --- [restartedMain] com.zaxxer.hikari.HikariDataSource       : HikariPool-1 - Starting...
2021-09-02 14:54:24.382  INFO 7260 --- [restartedMain] com.zaxxer.hikari.HikariDataSource       : HikariPool-1 - Start completed.
2021-09-02 14:54:24.391  INFO 7260 --- [restartedMain] o.s.b.a.h2.H2ConsoleAutoConfiguration    : H2 console available at '/h2-console'. Database available at 'jdbc:mysql://localhost:3306/poseidon_demo?serverTimezone=UTC'
2021-09-02 14:54:24.767  INFO 7260 --- [restartedMain] o.hibernate.jpa.internal.util.LogHelper  : HHH000204: Processing PersistenceUnitInfo [name: default]
2021-09-02 14:54:24.879  INFO 7260 --- [restartedMain] org.hibernate.Version                    : HHH000412: Hibernate ORM core version 5.4.30.Final
2021-09-02 14:54:25.059  INFO 7260 --- [restartedMain] o.hibernate.annotations.common.Version   : HCANN000001: Hibernate Commons Annotations {5.1.2.Final}
2021-09-02 14:54:25.216  INFO 7260 --- [restartedMain] org.hibernate.dialect.Dialect            : HHH000400: Using dialect: org.hibernate.dialect.MySQL5Dialect
2021-09-02 14:54:26.217  INFO 7260 --- [restartedMain] o.h.e.t.j.p.i.JtaPlatformInitiator       : HHH000490: Using JtaPlatform implementation: [org.hibernate.engine.transaction.jta.platform.internal.NoJtaPlatform]
2021-09-02 14:54:26.229  INFO 7260 --- [restartedMain] j.LocalContainerEntityManagerFactoryBean : Initialized JPA EntityManagerFactory for persistence unit 'default'
2021-09-02 14:54:26.284  INFO 7260 --- [restartedMain] o.s.b.d.a.OptionalLiveReloadServer       : LiveReload server is running on port 35729
2021-09-02 14:54:26.495  WARN 7260 --- [restartedMain] JpaBaseConfiguration$JpaWebConfiguration : spring.jpa.open-in-view is enabled by default. Therefore, database queries may be performed during view rendering. Explicitly configure spring.jpa.open-in-view to disable this warning
2021-09-02 14:54:27.849  INFO 7260 --- [restartedMain] o.s.s.web.DefaultSecurityFilterChain     : Will secure any request with [org.springframework.security.web.context.request.async.WebAsyncManagerIntegrationFilter@668cc7e8, org.springframework.security.web.context.SecurityContextPersistenceFilter@6bb136a5, org.springframework.security.web.header.HeaderWriterFilter@4c07a4b3, org.springframework.security.web.authentication.logout.LogoutFilter@68cc0d3d, org.springframework.security.web.authentication.UsernamePasswordAuthenticationFilter@64ed11af, org.springframework.security.web.authentication.ui.DefaultLoginPageGeneratingFilter@9cb4fb9, org.springframework.security.web.authentication.ui.DefaultLogoutPageGeneratingFilter@7d70b263, org.springframework.security.web.authentication.www.BasicAuthenticationFilter@6cfc77d3, org.springframework.security.web.savedrequest.RequestCacheAwareFilter@10e35e26, org.springframework.security.web.servletapi.SecurityContextHolderAwareRequestFilter@4e545665, org.springframework.security.web.authentication.AnonymousAuthenticationFilter@7c1b653, org.springframework.security.web.session.SessionManagementFilter@6f46f05, org.springframework.security.web.access.ExceptionTranslationFilter@727b4fb, org.springframework.security.web.access.intercept.FilterSecurityInterceptor@dc772d5]
2021-09-02 14:54:28.160  INFO 7260 --- [restartedMain] o.s.s.concurrent.ThreadPoolTaskExecutor  : Initializing ExecutorService 'applicationTaskExecutor'
2021-09-02 14:54:29.195  INFO 7260 --- [restartedMain] o.s.b.a.e.web.EndpointLinksResolver      : Exposing 5 endpoint(s) beneath base path '/actuator'
2021-09-02 14:54:29.374  INFO 7260 --- [restartedMain] o.s.b.w.embedded.tomcat.TomcatWebServer  : Tomcat started on port(s): 80 (http) with context path ''
2021-09-02 14:54:29.431  INFO 7260 --- [restartedMain] com.nnk.springboot.Application           : Started Application in 9.223 seconds (JVM running for 10.986)
2021-09-02 14:54:29.606  INFO 7260 --- [http-nio-80-exec-1] o.a.c.c.C.[Tomcat].[localhost].[/]       : Initializing Spring DispatcherServlet 'dispatcherServlet'
2021-09-02 14:54:29.608  INFO 7260 --- [http-nio-80-exec-1] o.s.web.servlet.DispatcherServlet        : Initializing Servlet 'dispatcherServlet'
2021-09-02 14:54:29.612  INFO 7260 --- [http-nio-80-exec-1] o.s.web.servlet.DispatcherServlet        : Completed initialization in 3 ms
2021-09-02 14:54:29.705  INFO 7260 --- [http-nio-80-exec-1] c.n.s.controllers.TradeController        : HTTP request received at /trade/list
2021-09-02 14:54:29.706  INFO 7260 --- [http-nio-80-exec-1] c.nnk.springboot.services.TradeService   : Process to find all trade
2021-09-02 14:54:36.694  INFO 7260 --- [http-nio-80-exec-3] c.n.s.controllers.TradeController        : HTTP GET request received at /trade/add
2021-09-02 14:54:39.019  INFO 7260 --- [http-nio-80-exec-5] c.n.s.controllers.TradeController        : HTTP POST request received at /trade/validate
2021-09-02 14:55:08.598  INFO 7260 --- [SpringContextShutdownHook] o.s.s.concurrent.ThreadPoolTaskExecutor  : Shutting down ExecutorService 'applicationTaskExecutor'
2021-09-02 14:55:08.601  INFO 7260 --- [SpringContextShutdownHook] j.LocalContainerEntityManagerFactoryBean : Closing JPA EntityManagerFactory for persistence unit 'default'
2021-09-02 14:55:08.609  INFO 7260 --- [SpringContextShutdownHook] com.zaxxer.hikari.HikariDataSource       : HikariPool-1 - Shutdown initiated...
2021-09-02 14:55:08.635  INFO 7260 --- [SpringContextShutdownHook] com.zaxxer.hikari.HikariDataSource       : HikariPool-1 - Shutdown completed.
